<?xml version="1.0" encoding="utf-8"?><testsuites><testsuite errors="0" failures="0" hostname="DESKTOP-G3U5HI2" name="pytest" skipped="0" tests="5" time="6.195" timestamp="2020-07-01T20:14:38.705223"><testcase classname="test_submit" file="test_submit.py" line="3" name="test_q1" time="0.003"></testcase><testcase classname="test_submit" file="test_submit.py" line="9" name="test_q2" time="0.002"></testcase><testcase classname="test_submit" file="test_submit.py" line="15" name="test_q3" time="0.000"></testcase><testcase classname="test_submit" file="test_submit.py" line="21" name="test_q4" time="1.690"></testcase><testcase classname="test_submit" file="test_submit.py" line="27" name="test_q5" time="1.801"></testcase></testsuite></testsuites>